Starting program


Graph information

Pre-coloring [None, None, None, None, None, None, None, None, None, None, None, None, None, None, None, None, None, None, None, None, None, None, None, None, None]

Degree of each node [6, 8, 8, 7, 5, 7, 4, 6, 5, 9, 6, 5, 5, 7, 7, 7, 4, 8, 5, 6, 5, 3, 9, 7, 7]

Number of colors 5

Node Event1 Color 0
Neighbours Colors [1, 2, 3, 3, 3, 4]

Node Event2 Color 1
Neighbours Colors [0, 2, 3, 4, 4, 0, 4, 3]

Node Event3 Color 2
Neighbours Colors [0, 1, 3, 3, 4, 3, 0, 3]

Node Event4 Color 3
Neighbours Colors [0, 1, 2, 0, 1, 0, 4]

Node Event5 Color 0
Neighbours Colors [3, 2, 1, 1, 4]

Node Event6 Color 2
Neighbours Colors [0, 1, 1, 3, 3, 4, 3]

Node Event7 Color 3
Neighbours Colors [0, 2, 1, 4]

Node Event8 Color 0
Neighbours Colors [3, 2, 1, 4, 2, 4]

Node Event9 Color 2
Neighbours Colors [3, 0, 1, 3, 1]

Node Event10 Color 1
Neighbours Colors [0, 2, 3, 0, 2, 3, 4, 2, 0]

Node Event11 Color 1
Neighbours Colors [3, 0, 2, 0, 4, 3]

Node Event12 Color 0
Neighbours Colors [1, 4, 3, 4, 2]

Node Event13 Color 3
Neighbours Colors [0, 2, 2, 2, 4]

Node Event14 Color 4
Neighbours Colors [1, 2, 0, 0, 3, 2, 0]

Node Event15 Color 3
Neighbours Colors [2, 2, 1, 0, 4, 1, 1]

Node Event16 Color 4
Neighbours Colors [2, 3, 1, 0, 3, 1, 0]

Node Event17 Color 1
Neighbours Colors [3, 4, 0, 3]

Node Event18 Color 2
Neighbours Colors [0, 1, 0, 4, 0, 4, 1, 3]

Node Event19 Color 0
Neighbours Colors [4, 2, 4, 1, 3]

Node Event20 Color 4
Neighbours Colors [1, 0, 2, 0, 1, 0]

Node Event21 Color 1
Neighbours Colors [2, 3, 2, 0, 4]

Node Event22 Color 3
Neighbours Colors [0, 2, 0]

Node Event23 Color 0
Neighbours Colors [1, 2, 3, 1, 4, 1, 4, 4, 3]

Node Event24 Color 4
Neighbours Colors [0, 1, 3, 0, 1, 0, 3]

Node Event25 Color 3
Neighbours Colors [1, 2, 2, 1, 1, 0, 4]

Initial coloring [0, 1, 2, 3, 0, 2, 3, 0, 2, 1, 1, 0, 3, 4, 3, 4, 1, 2, 0, 4, 1, 3, 0, 4, 3]
Running QAOA
Necessary number of qubits:  150
[2m[36m(pid=45983)[0m 
[2m[36m(pid=45983)[0m Minimizing function
[2m[36m(pid=45983)[0m 
[2m[36m(pid=45982)[0m 
[2m[36m(pid=45982)[0m Minimizing function
[2m[36m(pid=45982)[0m 
[2m[36m(pid=45983)[0m 
[2m[36m(pid=45983)[0m 
[2m[36m(pid=45982)[0m 
[2m[36m(pid=45982)[0m 
[2m[36m(pid=45983)[0m 
[2m[36m(pid=45983)[0m 
[2m[36m(pid=45982)[0m 
[2m[36m(pid=45982)[0m 
[2m[36m(pid=45982)[0m 
[2m[36m(pid=45982)[0m 
[2m[36m(pid=45983)[0m 
[2m[36m(pid=45983)[0m 
[2m[36m(pid=45982)[0m 
[2m[36m(pid=45982)[0m 
[2m[36m(pid=45983)[0m 
[2m[36m(pid=45983)[0m 
[2m[36m(pid=45982)[0m 
[2m[36m(pid=45982)[0m 
[2m[36m(pid=45983)[0m 
[2m[36m(pid=45983)[0m 
[2m[36m(pid=45982)[0m 
[2m[36m(pid=45982)[0m 
[2m[36m(pid=45983)[0m 
[2m[36m(pid=45983)[0m 
[2m[36m(pid=45982)[0m 
[2m[36m(pid=45982)[0m 
[2m[36m(pid=45983)[0m 
[2m[36m(pid=45983)[0m 
[2m[36m(pid=45982)[0m 
[2m[36m(pid=45982)[0m 
[2m[36m(pid=45983)[0m 
[2m[36m(pid=45983)[0m 
[2m[36m(pid=45982)[0m 
[2m[36m(pid=45982)[0m 
[2m[36m(pid=45983)[0m 
[2m[36m(pid=45983)[0m 
[2m[36m(pid=45983)[0m Optimization terminated successfully.
[2m[36m(pid=45983)[0m          Current function value: 4.000000
[2m[36m(pid=45983)[0m          Iterations: 2
[2m[36m(pid=45983)[0m          Function evaluations: 9
[2m[36m(pid=45983)[0m 
[2m[36m(pid=45983)[0m Minimizing function
[2m[36m(pid=45983)[0m 
[2m[36m(pid=45982)[0m 
[2m[36m(pid=45982)[0m 
[2m[36m(pid=45983)[0m 
[2m[36m(pid=45983)[0m 
[2m[36m(pid=45982)[0m 
[2m[36m(pid=45982)[0m 
[2m[36m(pid=45983)[0m 
[2m[36m(pid=45983)[0m 
[2m[36m(pid=45982)[0m 
[2m[36m(pid=45982)[0m 
[2m[36m(pid=45983)[0m 
[2m[36m(pid=45983)[0m 
[2m[36m(pid=45982)[0m 
[2m[36m(pid=45982)[0m 
[2m[36m(pid=45983)[0m 
[2m[36m(pid=45983)[0m 
[2m[36m(pid=45982)[0m 
[2m[36m(pid=45982)[0m 
[2m[36m(pid=45982)[0m Optimization terminated successfully.
[2m[36m(pid=45982)[0m          Current function value: 4.000000
[2m[36m(pid=45982)[0m          Iterations: 3
[2m[36m(pid=45982)[0m          Function evaluations: 14
[2m[36m(pid=45982)[0m 
[2m[36m(pid=45982)[0m Minimizing function
[2m[36m(pid=45982)[0m 
[2m[36m(pid=45983)[0m 
[2m[36m(pid=45983)[0m 
[2m[36m(pid=45982)[0m 
[2m[36m(pid=45982)[0m 
[2m[36m(pid=45983)[0m 
[2m[36m(pid=45983)[0m 
[2m[36m(pid=45982)[0m 
[2m[36m(pid=45982)[0m 
[2m[36m(pid=45983)[0m 
[2m[36m(pid=45983)[0m 
[2m[36m(pid=45982)[0m 
[2m[36m(pid=45982)[0m 
[2m[36m(pid=45983)[0m 
[2m[36m(pid=45983)[0m 
[2m[36m(pid=45982)[0m 
[2m[36m(pid=45982)[0m 
[2m[36m(pid=45982)[0m Optimization terminated successfully.
[2m[36m(pid=45982)[0m          Current function value: 4.000000
[2m[36m(pid=45982)[0m          Iterations: 1
[2m[36m(pid=45982)[0m          Function evaluations: 4
[2m[36m(pid=45983)[0m 
[2m[36m(pid=45983)[0m 
[2m[36m(pid=45983)[0m Optimization terminated successfully.
[2m[36m(pid=45983)[0m          Current function value: 4.000000
[2m[36m(pid=45983)[0m          Iterations: 2
[2m[36m(pid=45983)[0m          Function evaluations: 9
