Starting program

Analysing instance:  Den

Initial Function Value 4
--------------------------
Graph information

Nodes =  ['Event1', 'Event2', 'Event3', 'Event4', 'Event5', 'Event6', 'Event7', 'Event8', 'Event9', 'Event10', 'Event11', 'Event12', 'Event13', 'Event14', 'Event15', 'Event16', 'Event17', 'Event18', 'Event19', 'Event20', 'Event21', 'Event22', 'Event23', 'Event24', 'Event25']

Degree of each node [6, 8, 8, 7, 5, 7, 4, 6, 5, 9, 6, 5, 5, 7, 7, 7, 4, 8, 5, 6, 5, 3, 9, 7, 7]

Number of colors 5

Initial coloring [0, 1, 2, 3, 0, 2, 3, 0, 2, 1, 1, 0, 3, 4, 3, 4, 1, 2, 0, 4, 1, 3, 0, 4, 3]
----------------------------
Verifying Graph consistency

Node 0 Color 0
Neighbours | Color
('Event2', 1)
('Event3', 2)
('Event4', 3)
('Event13', 3)
('Event22', 3)
('Event24', 4)

Node 1 Color 1
Neighbours | Color
('Event1', 0)
('Event3', 2)
('Event4', 3)
('Event14', 4)
('Event20', 4)
('Event23', 0)
('Event24', 4)
('Event25', 3)

Node 2 Color 2
Neighbours | Color
('Event1', 0)
('Event2', 1)
('Event4', 3)
('Event13', 3)
('Event14', 4)
('Event15', 3)
('Event23', 0)
('Event25', 3)

Node 3 Color 3
Neighbours | Color
('Event1', 0)
('Event2', 1)
('Event3', 2)
('Event5', 0)
('Event11', 1)
('Event23', 0)
('Event24', 4)

Node 4 Color 0
Neighbours | Color
('Event4', 3)
('Event6', 2)
('Event10', 1)
('Event11', 1)
('Event24', 4)

Node 5 Color 2
Neighbours | Color
('Event5', 0)
('Event10', 1)
('Event11', 1)
('Event13', 3)
('Event15', 3)
('Event16', 4)
('Event25', 3)

Node 6 Color 3
Neighbours | Color
('Event8', 0)
('Event9', 2)
('Event10', 1)
('Event16', 4)

Node 7 Color 0
Neighbours | Color
('Event7', 3)
('Event9', 2)
('Event10', 1)
('Event14', 4)
('Event18', 2)
('Event20', 4)

Node 8 Color 2
Neighbours | Color
('Event7', 3)
('Event8', 0)
('Event10', 1)
('Event13', 3)
('Event21', 1)

Node 9 Color 1
Neighbours | Color
('Event5', 0)
('Event6', 2)
('Event7', 3)
('Event8', 0)
('Event9', 2)
('Event15', 3)
('Event16', 4)
('Event18', 2)
('Event23', 0)

Node 10 Color 1
Neighbours | Color
('Event4', 3)
('Event5', 0)
('Event6', 2)
('Event12', 0)
('Event24', 4)
('Event25', 3)

Node 11 Color 0
Neighbours | Color
('Event11', 1)
('Event14', 4)
('Event15', 3)
('Event16', 4)
('Event18', 2)

Node 12 Color 3
Neighbours | Color
('Event1', 0)
('Event3', 2)
('Event6', 2)
('Event9', 2)
('Event14', 4)

Node 13 Color 4
Neighbours | Color
('Event2', 1)
('Event3', 2)
('Event8', 0)
('Event12', 0)
('Event13', 3)
('Event18', 2)
('Event19', 0)

Node 14 Color 3
Neighbours | Color
('Event3', 2)
('Event6', 2)
('Event10', 1)
('Event12', 0)
('Event16', 4)
('Event17', 1)
('Event21', 1)

Node 15 Color 4
Neighbours | Color
('Event6', 2)
('Event7', 3)
('Event10', 1)
('Event12', 0)
('Event15', 3)
('Event17', 1)
('Event23', 0)

Node 16 Color 1
Neighbours | Color
('Event15', 3)
('Event16', 4)
('Event23', 0)
('Event25', 3)

Node 17 Color 2
Neighbours | Color
('Event8', 0)
('Event10', 1)
('Event12', 0)
('Event14', 4)
('Event19', 0)
('Event20', 4)
('Event21', 1)
('Event22', 3)

Node 18 Color 0
Neighbours | Color
('Event14', 4)
('Event18', 2)
('Event20', 4)
('Event21', 1)
('Event22', 3)

Node 19 Color 4
Neighbours | Color
('Event2', 1)
('Event8', 0)
('Event18', 2)
('Event19', 0)
('Event21', 1)
('Event23', 0)

Node 20 Color 1
Neighbours | Color
('Event9', 2)
('Event15', 3)
('Event18', 2)
('Event19', 0)
('Event20', 4)

Node 21 Color 3
Neighbours | Color
('Event1', 0)
('Event18', 2)
('Event19', 0)

Node 22 Color 0
Neighbours | Color
('Event2', 1)
('Event3', 2)
('Event4', 3)
('Event10', 1)
('Event16', 4)
('Event17', 1)
('Event20', 4)
('Event24', 4)
('Event25', 3)

Node 23 Color 4
Neighbours | Color
('Event1', 0)
('Event2', 1)
('Event4', 3)
('Event5', 0)
('Event11', 1)
('Event23', 0)
('Event25', 3)

Node 24 Color 3
Neighbours | Color
('Event2', 1)
('Event3', 2)
('Event6', 2)
('Event11', 1)
('Event17', 1)
('Event23', 0)
('Event24', 4)

Min Expected Value:  3.869767064298912
Using Following parameters:
Beta0: 0.53737585
Gamma: [3.01762563]
Beta: [2.14193725]

Running QAOA
Necessary number of qubits:  150
Number of States 44596

 --- SIMULATION RESULTS ---

--- Function Distribution  ---
Total Number of Measurements 1034792
Expected Value =  3.786649877463297
Objective Function Distribution
{'2': 58, '3': 220657, '4': 814077}

--- Function Distribution  ---
Total Number of Measurements 10000
Expected Value =  3.7882
Objective Function Distribution
{'3': 2118, '4': 7882}
--------------------------
--- Individual States  ---

Best result found:  100000000100100000101000000100000100000110000010000000101000000010001010000000010010000100100000100000010000011000001000000100000000000000000000000000
Number of times result showed:  2
Percentage of times result showed:  0.0001932755568268792
Objective function value:  2
Best Coloring [0, 4, 2, 3, 0, 2, 3, 4, 0, 1, 4, 1, 4, 3, 0, 4, 2, 2, 0, 1, 3, 4, 0, 1, 3]


Most commom result found:  000010100000100000100000110000001001000000010010000100010000010000001000010000010010000001001000001010000100001000000100000010000000000000000000000000
Number of times result showed:  13782
Percentage of times result showed:  1.3318618620940246
Objective function value:  3

Most Common Coloring [4, 1, 2, 3, 4, 0, 2, 0, 3, 1, 1, 0, 1, 3, 3, 4, 2, 4, 2, 3, 0, 0, 0, 2, 4]
-----------------------------
Repeating QAOA

Necessary number of qubits:  150
Using Following parameters:
Beta0: 0.53737585
Gamma: [3.01762563]
Beta: [2.14193725]
Number of States 44596

 --- SIMULATION RESULTS ---

--- Function Distribution  ---
Total Number of Measurements 1034792
Expected Value =  3.786649877463297
Objective Function Distribution
{'2': 58, '3': 220657, '4': 814077}
