Starting program

Analysing instance:  Den

Initial Function Value 3
--------------------------
Graph information

Nodes =  ['Event1', 'Event2', 'Event3', 'Event4', 'Event5', 'Event6', 'Event7', 'Event8', 'Event9', 'Event10', 'Event11', 'Event12', 'Event13', 'Event14', 'Event15', 'Event16', 'Event17', 'Event18', 'Event19', 'Event20', 'Event21', 'Event22', 'Event23', 'Event24', 'Event25']

Degree of each node [6, 8, 8, 7, 5, 7, 4, 6, 5, 9, 6, 5, 5, 7, 7, 7, 4, 8, 5, 6, 5, 3, 9, 7, 7]

Number of colors 4

Initial coloring [1, 0, 2, 3, 1, 2, 1, 2, 3, 0, 0, 2, 0, 3, 1, 3, 0, 1, 2, 3, 0, 0, 1, 2, 3]
----------------------------
Verifying Graph consistency

Node 0 Color 1
Neighbours | Color
('Event2', 0)
('Event3', 2)
('Event4', 3)
('Event13', 0)
('Event22', 0)
('Event24', 2)

Node 1 Color 0
Neighbours | Color
('Event1', 1)
('Event3', 2)
('Event4', 3)
('Event14', 3)
('Event20', 3)
('Event23', 1)
('Event24', 2)
('Event25', 3)

Node 2 Color 2
Neighbours | Color
('Event1', 1)
('Event2', 0)
('Event4', 3)
('Event13', 0)
('Event14', 3)
('Event15', 1)
('Event23', 1)
('Event25', 3)

Node 3 Color 3
Neighbours | Color
('Event1', 1)
('Event2', 0)
('Event3', 2)
('Event5', 1)
('Event11', 0)
('Event23', 1)
('Event24', 2)

Node 4 Color 1
Neighbours | Color
('Event4', 3)
('Event6', 2)
('Event10', 0)
('Event11', 0)
('Event24', 2)

Node 5 Color 2
Neighbours | Color
('Event5', 1)
('Event10', 0)
('Event11', 0)
('Event13', 0)
('Event15', 1)
('Event16', 3)
('Event25', 3)

Node 6 Color 1
Neighbours | Color
('Event8', 2)
('Event9', 3)
('Event10', 0)
('Event16', 3)

Node 7 Color 2
Neighbours | Color
('Event7', 1)
('Event9', 3)
('Event10', 0)
('Event14', 3)
('Event18', 1)
('Event20', 3)

Node 8 Color 3
Neighbours | Color
('Event7', 1)
('Event8', 2)
('Event10', 0)
('Event13', 0)
('Event21', 0)

Node 9 Color 0
Neighbours | Color
('Event5', 1)
('Event6', 2)
('Event7', 1)
('Event8', 2)
('Event9', 3)
('Event15', 1)
('Event16', 3)
('Event18', 1)
('Event23', 1)

Node 10 Color 0
Neighbours | Color
('Event4', 3)
('Event5', 1)
('Event6', 2)
('Event12', 2)
('Event24', 2)
('Event25', 3)

Node 11 Color 2
Neighbours | Color
('Event11', 0)
('Event14', 3)
('Event15', 1)
('Event16', 3)
('Event18', 1)

Node 12 Color 0
Neighbours | Color
('Event1', 1)
('Event3', 2)
('Event6', 2)
('Event9', 3)
('Event14', 3)

Node 13 Color 3
Neighbours | Color
('Event2', 0)
('Event3', 2)
('Event8', 2)
('Event12', 2)
('Event13', 0)
('Event18', 1)
('Event19', 2)

Node 14 Color 1
Neighbours | Color
('Event3', 2)
('Event6', 2)
('Event10', 0)
('Event12', 2)
('Event16', 3)
('Event17', 0)
('Event21', 0)

Node 15 Color 3
Neighbours | Color
('Event6', 2)
('Event7', 1)
('Event10', 0)
('Event12', 2)
('Event15', 1)
('Event17', 0)
('Event23', 1)

Node 16 Color 0
Neighbours | Color
('Event15', 1)
('Event16', 3)
('Event23', 1)
('Event25', 3)

Node 17 Color 1
Neighbours | Color
('Event8', 2)
('Event10', 0)
('Event12', 2)
('Event14', 3)
('Event19', 2)
('Event20', 3)
('Event21', 0)
('Event22', 0)

Node 18 Color 2
Neighbours | Color
('Event14', 3)
('Event18', 1)
('Event20', 3)
('Event21', 0)
('Event22', 0)

Node 19 Color 3
Neighbours | Color
('Event2', 0)
('Event8', 2)
('Event18', 1)
('Event19', 2)
('Event21', 0)
('Event23', 1)

Node 20 Color 0
Neighbours | Color
('Event9', 3)
('Event15', 1)
('Event18', 1)
('Event19', 2)
('Event20', 3)

Node 21 Color 0
Neighbours | Color
('Event1', 1)
('Event18', 1)
('Event19', 2)

Node 22 Color 1
Neighbours | Color
('Event2', 0)
('Event3', 2)
('Event4', 3)
('Event10', 0)
('Event16', 3)
('Event17', 0)
('Event20', 3)
('Event24', 2)
('Event25', 3)

Node 23 Color 2
Neighbours | Color
('Event1', 1)
('Event2', 0)
('Event4', 3)
('Event5', 1)
('Event11', 0)
('Event23', 1)
('Event25', 3)

Node 24 Color 3
Neighbours | Color
('Event2', 0)
('Event3', 2)
('Event6', 2)
('Event11', 0)
('Event17', 0)
('Event23', 1)
('Event24', 2)

Min Expected Value:  3.0
Using Following parameters:
Beta0: 1.77094459
Gamma: [3.50938347]
Beta: [1.64603902]

Running QAOA
Necessary number of qubits:  125
Number of States 4

 --- SIMULATION RESULTS ---

--- Function Distribution  ---
Total Number of Measurements 1048574
Expected Value =  3.0
Objective Function Distribution
{'3': 1048574}

--- Function Distribution  ---
Total Number of Measurements 10000
Expected Value =  3.0
Objective Function Distribution
{'3': 10000}
--------------------------
--- Individual States  ---

Best result found:  01001000001000010100001001000010000110001000001010000001010000010010010000100001100000010100001000010000000000000000000000000
Number of times result showed:  78664
Percentage of times result showed:  7.501997951503661
Objective function value:  3
Best Coloring [1, 0, 2, 3, 1, 2, 1, 2, 3, 0, 0, 2, 0, 3, 1, 3, 2, 1, 2, 3, 0, 3, 1, 2, 3]


Most commom result found:  01001000001000010100001001000010000110001000001010000001010000011000010000100001100010000100001000010000000000000000000000000
Number of times result showed:  552832
Percentage of times result showed:  52.7222685284968
Objective function value:  3

Most Common Coloring [1, 0, 2, 3, 1, 2, 1, 2, 3, 0, 0, 2, 0, 3, 1, 3, 0, 1, 2, 3, 0, 0, 1, 2, 3]
-----------------------------
Repeating QAOA

Necessary number of qubits:  125
Using Following parameters:
Beta0: 1.77094459
Gamma: [3.50938347]
Beta: [1.64603902]
Number of States 4

 --- SIMULATION RESULTS ---

--- Function Distribution  ---
Total Number of Measurements 1048574
Expected Value =  3.0
Objective Function Distribution
{'3': 1048574}
