Starting program

Analysing instance:  CEC
--------------------------
Starting graph preparation

Subject 0
Possible Room Allocations [1, 2]
Subject 1
Possible Room Allocations [1, 2]
Subject 2
Possible Room Allocations [0]

Number of Allocations for each Room [1, 1, 1]
Final Allocations (subject, room) [(0, 1), (1, 2), (2, 0)]

Creating Graph


Initial Function Value 5
--------------------------
Graph information

Nodes =  [(0, 1, 0), (0, 1, 1), (1, 2, 0), (1, 2, 1), (2, 0, 0), (2, 0, 1)]

Degree of each node [3, 3, 3, 3, 3, 3]

Number of colors 6

Initial coloring [0, 3, 1, 4, 2, 5]
----------------------------
Verifying Graph consistency

Node 0 Color 0
Neighbours | Color
((0, 1, 1), 3)
((1, 2, 0), 1)
((2, 0, 0), 2)

Node 1 Color 3
Neighbours | Color
((0, 1, 0), 0)
((1, 2, 1), 4)
((2, 0, 1), 5)

Node 2 Color 1
Neighbours | Color
((0, 1, 0), 0)
((1, 2, 1), 4)
((2, 0, 0), 2)

Node 3 Color 4
Neighbours | Color
((0, 1, 1), 3)
((1, 2, 0), 1)
((2, 0, 1), 5)

Node 4 Color 2
Neighbours | Color
((0, 1, 0), 0)
((1, 2, 0), 1)
((2, 0, 1), 5)

Node 5 Color 5
Neighbours | Color
((0, 1, 1), 3)
((1, 2, 1), 4)
((2, 0, 0), 2)

Min Expected Value:  2.748700848158855
Using Following parameters:
Beta0: 0.37141434
Gamma: [0.04173228]
Beta: [3.14159187]

Running QAOA
Necessary number of qubits:  42
Number of States 4460

 --- SIMULATION RESULTS ---

--- Function Distribution  ---
Total Number of Measurements 1047799
Expected Value =  2.748700848158855
Objective Function Distribution
{'0': 665,
 '1': 55623,
 '2': 368242,
 '3': 442472,
 '4': 143703,
 '5': 36813,
 '6': 281}

--- Function Distribution  ---
Total Number of Measurements 10000
Expected Value =  2.757
Objective Function Distribution
{'0': 7, '1': 528, '2': 3466, '3': 4247, '4': 1391, '5': 361}
--------------------------
--- Individual States  ---

Best result found:  000010001000100000000010001000100000000000
Number of times result showed:  361
Percentage of times result showed:  0.034453172793636945
Objective function value:  0
Best Coloring [4, 2, 0, 4, 2, 0]


Most commom result found:  000010100000000100010000100000001000000000
Number of times result showed:  6021
Percentage of times result showed:  0.5746331118850084
Objective function value:  3

Most Common Coloring [4, 0, 3, 1, 0, 2]
-----------------------------
Repeating QAOA

Necessary number of qubits:  42
Using Following parameters:
Beta0: 0.37141434
Gamma: [0.04173228]
Beta: [3.14159187]
Number of States 4460

 --- SIMULATION RESULTS ---

--- Function Distribution  ---
Total Number of Measurements 1047799
Expected Value =  2.748700848158855
Objective Function Distribution
{'0': 665,
 '1': 55623,
 '2': 368242,
 '3': 442472,
 '4': 143703,
 '5': 36813,
 '6': 281}
