Starting program

Analysing instance:  CEC
--------------------------
Starting graph preparation

Subject 0
Possible Room Allocations [1, 2]
Subject 1
Possible Room Allocations [1, 2]
Subject 2
Possible Room Allocations [0]

Number of Allocations for each Room [1, 1, 1]
Final Allocations (subject, room) [(0, 1), (1, 2), (2, 0)]

Creating Graph


Initial Function Value 5
--------------------------
Graph information

Nodes =  [(0, 1, 0), (0, 1, 1), (1, 2, 0), (1, 2, 1), (2, 0, 0), (2, 0, 1)]

Degree of each node [3, 3, 3, 3, 3, 3]

Number of colors 6

Initial coloring [0, 3, 1, 4, 2, 5]
----------------------------
Verifying Graph consistency

Node 0 Color 0
Neighbours | Color
((0, 1, 1), 3)
((1, 2, 0), 1)
((2, 0, 0), 2)

Node 1 Color 3
Neighbours | Color
((0, 1, 0), 0)
((1, 2, 1), 4)
((2, 0, 1), 5)

Node 2 Color 1
Neighbours | Color
((0, 1, 0), 0)
((1, 2, 1), 4)
((2, 0, 0), 2)

Node 3 Color 4
Neighbours | Color
((0, 1, 1), 3)
((1, 2, 0), 1)
((2, 0, 1), 5)

Node 4 Color 2
Neighbours | Color
((0, 1, 0), 0)
((1, 2, 0), 1)
((2, 0, 1), 5)

Node 5 Color 5
Neighbours | Color
((0, 1, 1), 3)
((1, 2, 1), 4)
((2, 0, 0), 2)

Min Expected Value:  2.715704683349483
Using Following parameters:
Beta0: 2.78777483
Gamma: [3.32581102]
Beta: [3.07432193]

Running QAOA
Necessary number of qubits:  42
Number of States 8520

 --- SIMULATION RESULTS ---

--- Function Distribution  ---
Total Number of Measurements 1045427
Expected Value =  2.715704683349483
Objective Function Distribution
{'0': 1184,
 '1': 61777,
 '2': 376107,
 '3': 425539,
 '4': 156254,
 '5': 23949,
 '6': 617}

--- Function Distribution  ---
Total Number of Measurements 10000
Expected Value =  2.7083
Objective Function Distribution
{'0': 9, '1': 617, '2': 3620, '3': 4037, '4': 1475, '5': 237, '6': 5}
--------------------------
--- Individual States  ---

Best result found:  000010001000001000100000100000000010000000
Number of times result showed:  3
Percentage of times result showed:  0.0002869640826188725
Objective function value:  0
Best Coloring [4, 2, 2, 0, 0, 4]


Most commom result found:  000010100000010000001000001000010000000000
Number of times result showed:  5901
Percentage of times result showed:  0.5644583505113222
Objective function value:  3

Most Common Coloring [4, 0, 1, 2, 2, 1]
-----------------------------
Repeating QAOA

Necessary number of qubits:  42
Using Following parameters:
Beta0: 2.78777483
Gamma: [3.32581102]
Beta: [3.07432193]
Number of States 8520

 --- SIMULATION RESULTS ---

--- Function Distribution  ---
Total Number of Measurements 1045427
Expected Value =  2.715704683349483
Objective Function Distribution
{'0': 1184,
 '1': 61777,
 '2': 376107,
 '3': 425539,
 '4': 156254,
 '5': 23949,
 '6': 617}
