Starting program

--------------------------
Starting graph preparation

Subject 0
Possible Room Allocations [1, 2]
Subject 1
Possible Room Allocations [1, 2]
Subject 2
Possible Room Allocations [0]

Number of Allocations for each Room [1, 1, 1]
Final Allocations (subject, room) [(0, 1), (1, 2), (2, 0)]

Creating Graph

--------------------------
Graph information

Nodes =  [(0, 1, 0), (0, 1, 1), (1, 2, 0), (1, 2, 1), (2, 0, 0), (2, 0, 1)]

Pre-coloring [None, None, None, None, None, None]

Degree of each node [3, 3, 3, 3, 3, 3]

Number of colors 6

Initial coloring [0, 3, 1, 4, 2, 5]
----------------------------
Verifying Graph consistency

Node 0 Color 0
Neighbours | Color
((0, 1, 1), 3)
((1, 2, 0), 1)
((2, 0, 0), 2)

Node 1 Color 3
Neighbours | Color
((0, 1, 0), 0)
((1, 2, 1), 4)
((2, 0, 1), 5)

Node 2 Color 1
Neighbours | Color
((0, 1, 0), 0)
((1, 2, 1), 4)
((2, 0, 0), 2)

Node 3 Color 4
Neighbours | Color
((0, 1, 1), 3)
((1, 2, 0), 1)
((2, 0, 1), 5)

Node 4 Color 2
Neighbours | Color
((0, 1, 0), 0)
((1, 2, 0), 1)
((2, 0, 1), 5)

Node 5 Color 5
Neighbours | Color
((0, 1, 1), 3)
((1, 2, 1), 4)
((2, 0, 0), 2)
----------------------------
Running QAOA
Necessary number of qubits:  42
Running minimization process
(3_w,7)-aCMA-ES (mu_w=2.3,w_1=58%) in dimension 3 (seed=453242, Mon Jul 26 08:08:39 2021)
Iterat #Fevals   function value  axis ratio  sigma  min&max std  t[m:s]
    1      7 2.897432663069758e+00 1.0e+00 2.61e+00  3e+00  3e+00 0:13.1
    2     14 2.764581448006995e+00 1.4e+00 3.25e+00  3e+00  4e+00 0:26.9
    3     21 2.816899580240174e+00 1.4e+00 3.98e+00  3e+00  5e+00 0:38.8
    4     28 2.885137049772924e+00 1.8e+00 3.03e+00  2e+00  4e+00 0:52.9
    5     35 2.757028822038382e+00 2.2e+00 2.88e+00  2e+00  4e+00 1:06.1
    6     42 2.853677009225115e+00 2.5e+00 2.76e+00  2e+00  4e+00 1:19.9
    7     49 2.801173314973393e+00 2.8e+00 3.39e+00  3e+00  6e+00 1:33.3
    8     56 2.769671700025820e+00 3.3e+00 3.05e+00  3e+00  5e+00 1:46.2
    9     63 2.823949871471449e+00 3.5e+00 3.08e+00  3e+00  5e+00 2:00.1
   10     70 2.775303136874135e+00 3.4e+00 2.23e+00  2e+00  3e+00 2:13.4
   11     77 2.849642978643701e+00 3.8e+00 2.10e+00  2e+00  3e+00 2:26.8
   12     84 2.761554012951381e+00 3.5e+00 2.74e+00  2e+00  4e+00 2:40.4
   13     91 2.793338085919745e+00 3.0e+00 2.22e+00  2e+00  3e+00 2:52.7
   15    105 2.768129883331275e+00 3.2e+00 2.00e+00  1e+00  2e+00 3:18.9
   17    119 2.757391536714321e+00 2.9e+00 3.01e+00  2e+00  3e+00 3:44.1
   19    133 3.067323482688918e+00 3.0e+00 3.86e+00  2e+00  4e+00 4:12.5
   21    147 2.821232836066609e+00 3.2e+00 3.79e+00  2e+00  5e+00 4:40.1
   23    161 2.933749439306744e+00 4.4e+00 2.80e+00  9e-01  3e+00 5:06.3
   25    175 2.717024527404737e+00 4.8e+00 3.45e+00  1e+00  5e+00 5:31.9
   27    189 2.977784236435305e+00 5.0e+00 2.77e+00  8e-01  3e+00 5:59.3
   29    203 2.854501324594582e+00 5.0e+00 2.26e+00  6e-01  2e+00 6:26.7
   31    217 2.838197640732830e+00 5.1e+00 1.87e+00  5e-01  2e+00 6:55.1
   33    231 2.870521423897521e+00 5.5e+00 2.65e+00  7e-01  3e+00 7:21.3
   35    245 2.726509361462965e+00 6.0e+00 2.67e+00  6e-01  2e+00 7:47.5
   37    259 2.855796089052039e+00 5.4e+00 2.33e+00  5e-01  2e+00 8:13.0
   39    273 2.802334267575308e+00 6.4e+00 2.11e+00  4e-01  2e+00 8:40.2
   41    287 2.842570699402853e+00 8.9e+00 2.59e+00  5e-01  3e+00 9:06.7
   44    308 2.797075852086708e+00 8.4e+00 2.71e+00  6e-01  3e+00 9:46.7
   47    329 2.764452877562229e+00 1.1e+01 2.78e+00  7e-01  3e+00 10:25.4
   50    350 2.899039599575446e+00 1.1e+01 2.04e+00  4e-01  3e+00 11:04.4
   53    371 2.895921654187913e+00 1.2e+01 2.17e+00  3e-01  3e+00 11:40.5
   56    392 2.786340928825255e+00 1.2e+01 2.07e+00  3e-01  3e+00 12:17.5
   59    413 2.755459103280332e+00 1.5e+01 1.87e+00  2e-01  3e+00 12:55.0
   62    434 2.819933862813124e+00 1.8e+01 1.79e+00  2e-01  2e+00 13:34.4
   65    455 2.865470097883709e+00 1.7e+01 1.66e+00  2e-01  2e+00 14:15.3
   68    476 2.768505579249817e+00 2.3e+01 2.36e+00  3e-01  3e+00 14:52.1
   71    497 2.885935239035232e+00 2.1e+01 1.95e+00  2e-01  2e+00 15:30.3
   74    518 2.856131987671020e+00 2.3e+01 1.66e+00  2e-01  2e+00 16:09.1
   78    546 2.755982251586250e+00 2.5e+01 1.10e+00  9e-02  1e+00 16:57.1
   82    574 3.164224543504946e+00 3.0e+01 9.39e-01  7e-02  1e+00 17:47.8
   86    602 2.760606794049921e+00 4.2e+01 9.75e-01  6e-02  1e+00 18:38.3
   90    630 2.802362341596849e+00 3.8e+01 1.66e+00  1e-01  2e+00 19:28.0
   94    658 2.763619652885393e+00 4.1e+01 1.35e+00  9e-02  2e+00 20:14.7
   98    686 2.787634680826265e+00 5.7e+01 1.48e+00  8e-02  2e+00 21:03.6
  100    700 2.894663704711114e+00 5.1e+01 1.38e+00  6e-02  2e+00 21:27.5
  104    728 2.859855490805132e+00 7.2e+01 1.85e+00  1e-01  2e+00 22:17.6
  108    756 2.945294505950112e+00 5.3e+01 1.36e+00  8e-02  1e+00 23:04.0
  112    784 2.835788014247126e+00 4.5e+01 1.27e+00  7e-02  9e-01 23:53.8
  116    812 2.800320613560348e+00 5.0e+01 1.46e+00  7e-02  1e+00 24:42.7
  120    840 2.754997165202817e+00 5.2e+01 1.30e+00  5e-02  9e-01 25:32.1
  125    875 2.750393184671626e+00 3.9e+01 1.49e+00  8e-02  8e-01 26:28.2
  130    910 2.774375621370266e+00 4.6e+01 2.28e+00  1e-01  1e+00 27:28.1
  135    945 2.816844270081948e+00 5.2e+01 4.50e+00  2e-01  3e+00 28:26.9
  140    980 2.753821574654362e+00 1.0e+02 6.83e+00  3e-01  6e+00 29:30.2
  145   1015 2.762988896076410e+00 1.6e+02 6.13e+00  3e-01  6e+00 30:34.3
  150   1050 2.747119331931493e+00 1.3e+02 5.70e+00  2e-01  4e+00 31:39.0
  155   1085 2.752641055390008e+00 1.8e+02 3.01e+00  9e-02  2e+00 32:39.3
  160   1120 2.825164999545982e+00 1.6e+02 4.32e+00  1e-01  3e+00 33:42.4
  165   1155 2.776901585080382e+00 1.0e+02 2.95e+00  9e-02  1e+00 34:45.3
  170   1190 2.746992164771951e+00 5.6e+01 2.47e+00  6e-02  5e-01 35:48.2
  175   1225 2.824169521062723e+00 3.7e+01 5.64e+00  2e-01  1e+00 36:50.2
  180   1260 2.782572216000092e+00 3.7e+01 3.01e+00  7e-02  5e-01 37:52.0
  185   1295 2.764483000159587e+00 2.3e+01 1.07e+00  2e-02  8e-02 38:55.1
  190   1330 2.745645078821995e+00 1.6e+01 8.05e-01  1e-02  3e-02 40:01.0
  195   1365 2.745339643993149e+00 1.1e+01 5.99e-01  1e-02  2e-02 41:06.3
  200   1400 2.745522234700949e+00 7.1e+00 5.83e-01  6e-03  1e-02 42:12.4
  206   1442 2.745195809128393e+00 2.8e+00 5.73e-01  3e-03  8e-03 43:31.4
  212   1484 2.745061309529498e+00 4.8e+00 4.34e-01  1e-03  6e-03 44:50.5
  218   1526 2.745000219812567e+00 6.6e+00 2.54e-01  4e-04  3e-03 46:09.6
  224   1568 2.744907837910935e+00 1.1e+01 7.60e-01  1e-03  7e-03 47:28.6
  230   1610 2.744884112510344e+00 1.7e+01 1.40e+00  1e-03  2e-02 48:47.6
  236   1652 2.743778621210528e+00 2.5e+01 5.55e+00  5e-03  8e-02 50:07.5
  242   1694 2.738370080863049e+00 2.1e+01 1.43e+01  9e-03  2e-01 51:28.0
  248   1736 2.737282238624220e+00 2.6e+01 1.30e+01  7e-03  2e-01 52:47.5
  254   1778 2.736850156121233e+00 2.7e+01 5.69e+00  2e-03  5e-02 54:07.2
  260   1820 2.736819664890775e+00 3.5e+01 3.80e+00  1e-03  3e-02 55:26.8
  266   1862 2.736806332272219e+00 3.4e+01 1.76e+00  3e-04  1e-02 56:49.5
  272   1904 2.736800143013786e+00 4.9e+01 1.29e+00  2e-04  9e-03 58:18.2
  278   1946 2.736810810035705e+00 4.0e+01 9.90e-01  1e-04  6e-03 59:42.8
  284   1988 2.736791136094222e+00 6.4e+01 1.32e+00  3e-04  9e-03 61:05.0
  290   2030 2.736805778613928e+00 6.8e+01 1.50e+00  3e-04  1e-02 62:27.9
  297   2079 2.736804973342753e+00 1.3e+02 1.32e+00  2e-04  1e-02 64:02.0
  300   2100 2.736801853820446e+00 1.2e+02 1.13e+00  1e-04  8e-03 64:46.2
---------------------------
termination on maxiter=300
final/bestever f-value = 2.736802e+00 2.715705e+00
incumbent solution: [1.9423808957824904, 1.5358049943561796, 3.0967903951121816]
std deviation: [0.00017980982768658495, 0.0075032795929021075, 0.00011587451615453207]
---------------------------
Optimal Result [2.78777483 3.32581102 3.07432193]
Respective Function Value 2.715704683349483
Respective Function Evaluations 1002
Overall Function Evaluations 2100
Overall Iterations 300
Mean Result [1.9423809  1.53580499 3.0967904 ]
Standard Deviation Final Sample [0.00017981 0.00750328 0.00011587]
Saving Final Results
