Starting program

--------------------------
Starting graph preparation

Subject 0
Possible Room Allocations [1, 2]
Subject 1
Possible Room Allocations [1, 2]
Subject 2
Possible Room Allocations [0]

Number of Allocations for each Room [1, 1, 1]
Final Allocations (subject, room) [(0, 1), (1, 2), (2, 0)]

Creating Graph

--------------------------
Graph information

Nodes =  [(0, 1, 0), (0, 1, 1), (1, 2, 0), (1, 2, 1), (2, 0, 0), (2, 0, 1)]

Pre-coloring [None, None, None, None, None, None]

Degree of each node [3, 3, 3, 3, 3, 3]

Number of colors 6

Initial coloring [0, 3, 1, 4, 2, 5]

Initial Function Value 5
----------------------------
Verifying Graph consistency

Node 0 Color 0
Neighbours | Color
((0, 1, 1), 3)
((1, 2, 0), 1)
((2, 0, 0), 2)

Node 1 Color 3
Neighbours | Color
((0, 1, 0), 0)
((1, 2, 1), 4)
((2, 0, 1), 5)

Node 2 Color 1
Neighbours | Color
((0, 1, 0), 0)
((1, 2, 1), 4)
((2, 0, 0), 2)

Node 3 Color 4
Neighbours | Color
((0, 1, 1), 3)
((1, 2, 0), 1)
((2, 0, 1), 5)

Node 4 Color 2
Neighbours | Color
((0, 1, 0), 0)
((1, 2, 0), 1)
((2, 0, 1), 5)

Node 5 Color 5
Neighbours | Color
((0, 1, 1), 3)
((1, 2, 1), 4)
((2, 0, 0), 2)
----------------------------
Running QAOA
Necessary number of qubits:  42
Running minimization process
(4_w,8)-aCMA-ES (mu_w=2.6,w_1=52%) in dimension 5 (seed=440603, Mon Jul 26 15:51:48 2021)
Iterat #Fevals   function value  axis ratio  sigma  min&max std  t[m:s]
    1      8 2.967748978061721e+00 1.0e+00 1.96e+00  2e+00  2e+00 0:31.8
    2     16 2.888849310083977e+00 1.3e+00 2.09e+00  2e+00  2e+00 1:04.6
    3     24 2.769562790412660e+00 1.5e+00 2.77e+00  3e+00  3e+00 1:36.6
    4     32 2.931112323209125e+00 1.8e+00 3.30e+00  3e+00  4e+00 2:07.2
    5     40 2.879686029219545e+00 2.2e+00 3.86e+00  3e+00  5e+00 2:39.1
    6     48 2.826441173380202e+00 2.4e+00 5.14e+00  4e+00  8e+00 3:10.4
    7     56 2.959211676623485e+00 2.5e+00 4.56e+00  3e+00  7e+00 3:42.6
    8     64 2.772663265784761e+00 2.5e+00 4.28e+00  3e+00  6e+00 4:14.2
    9     72 2.891594841825757e+00 2.3e+00 4.15e+00  3e+00  6e+00 4:46.5
   10     80 2.903974714717130e+00 2.3e+00 4.88e+00  3e+00  7e+00 5:16.5
   11     88 2.789320181045040e+00 2.5e+00 5.13e+00  4e+00  8e+00 5:48.1
   12     96 2.898364983190746e+00 2.7e+00 4.43e+00  3e+00  6e+00 6:20.1
   13    104 2.965455595272407e+00 2.8e+00 4.19e+00  3e+00  6e+00 6:52.0
   14    112 2.819994849254530e+00 2.7e+00 4.19e+00  3e+00  5e+00 7:24.0
   15    120 2.852578324641491e+00 2.6e+00 4.08e+00  3e+00  5e+00 7:55.5
   16    128 2.814976042390516e+00 2.5e+00 3.42e+00  2e+00  4e+00 8:27.0
   17    136 2.812986821466397e+00 2.6e+00 3.83e+00  3e+00  6e+00 8:59.2
   18    144 2.934614644366288e+00 3.5e+00 3.60e+00  3e+00  5e+00 9:31.2
   19    152 2.753245910339094e+00 3.3e+00 3.15e+00  2e+00  5e+00 10:02.4
   20    160 2.758804388488589e+00 3.4e+00 3.50e+00  3e+00  6e+00 10:33.9
   21    168 2.826037714534083e+00 3.8e+00 3.44e+00  3e+00  6e+00 11:05.4
   22    176 2.809531044988069e+00 4.1e+00 3.62e+00  3e+00  6e+00 11:36.5
   23    184 2.908409273653176e+00 4.1e+00 3.52e+00  3e+00  5e+00 12:08.0
   24    192 2.800620509158302e+00 3.9e+00 3.51e+00  3e+00  5e+00 12:39.0
   25    200 2.931898680603366e+00 4.1e+00 3.46e+00  2e+00  5e+00 13:11.0
   26    208 2.843361520255521e+00 3.9e+00 3.48e+00  2e+00  5e+00 13:42.5
   27    216 2.829598522139226e+00 4.0e+00 2.92e+00  2e+00  4e+00 14:13.4
   28    224 2.800138196761946e+00 4.4e+00 2.65e+00  2e+00  4e+00 14:44.9
   29    232 2.780648099076467e+00 4.5e+00 2.25e+00  1e+00  3e+00 15:17.1
   30    240 2.858905110397650e+00 4.4e+00 2.53e+00  1e+00  4e+00 15:48.6
   31    248 2.889185566714216e+00 4.8e+00 2.46e+00  1e+00  3e+00 16:20.7
   32    256 2.881266409917096e+00 5.0e+00 2.62e+00  1e+00  4e+00 16:52.1
   34    272 2.944888170500607e+00 4.9e+00 2.87e+00  2e+00  4e+00 17:55.8
   36    288 2.888161252483662e+00 5.0e+00 2.47e+00  1e+00  3e+00 18:58.8
   38    304 2.934787182562225e+00 4.7e+00 2.02e+00  1e+00  2e+00 20:02.6
   40    320 2.998708220657745e+00 7.5e+00 2.85e+00  1e+00  4e+00 21:06.0
   42    336 2.935109789307176e+00 6.6e+00 2.69e+00  1e+00  4e+00 22:10.3
   44    352 2.916297530474084e+00 6.0e+00 3.20e+00  2e+00  4e+00 23:14.0
   46    368 2.865453904804034e+00 6.2e+00 3.02e+00  2e+00  4e+00 24:17.3
   48    384 2.766773432070591e+00 7.1e+00 2.63e+00  1e+00  4e+00 25:19.9
   50    400 2.916019505320111e+00 9.5e+00 2.05e+00  1e+00  3e+00 26:22.8
   52    416 2.847937056006710e+00 9.8e+00 2.02e+00  1e+00  3e+00 27:24.5
   54    432 2.917655699683803e+00 8.8e+00 2.27e+00  1e+00  3e+00 28:25.8
   56    448 2.817580447955972e+00 7.6e+00 2.45e+00  1e+00  3e+00 29:30.1
   58    464 2.952781002901175e+00 7.6e+00 2.18e+00  1e+00  3e+00 30:33.0
   60    480 2.899348979902543e+00 7.1e+00 1.96e+00  1e+00  2e+00 31:36.9
   62    496 2.731080772104441e+00 6.6e+00 1.78e+00  1e+00  2e+00 32:38.6
   64    512 2.772265617901443e+00 5.8e+00 1.73e+00  1e+00  2e+00 33:42.0
   66    528 2.858096709769207e+00 6.7e+00 1.49e+00  8e-01  1e+00 34:43.5
   68    544 2.682965454953814e+00 8.2e+00 1.24e+00  6e-01  1e+00 35:46.6
   70    560 2.886722594778426e+00 8.0e+00 1.33e+00  6e-01  1e+00 36:49.0
   72    576 2.840782005224092e+00 7.3e+00 1.54e+00  6e-01  1e+00 37:51.1
   74    592 2.972694655020112e+00 8.4e+00 1.47e+00  6e-01  1e+00 38:51.7
   76    608 3.001653064814673e+00 9.3e+00 1.70e+00  7e-01  2e+00 39:55.0
   78    624 2.959829324181596e+00 1.1e+01 1.80e+00  7e-01  2e+00 40:54.2
   80    640 2.875158827049671e+00 1.0e+01 1.42e+00  5e-01  1e+00 41:57.8
   82    656 2.801293640002298e+00 8.4e+00 1.27e+00  5e-01  1e+00 42:58.7
   84    672 2.877536337953250e+00 1.0e+01 1.64e+00  6e-01  2e+00 44:00.9
   86    688 2.875225973986181e+00 1.1e+01 2.06e+00  8e-01  2e+00 45:04.1
   88    704 2.692974531144127e+00 1.3e+01 1.93e+00  7e-01  2e+00 46:07.4
   90    720 2.843184147918085e+00 1.3e+01 2.34e+00  9e-01  3e+00 47:10.1
   92    736 2.845040670007520e+00 1.4e+01 2.26e+00  9e-01  3e+00 48:12.1
   94    752 2.899309106828448e+00 1.8e+01 2.24e+00  8e-01  3e+00 49:14.8
   96    768 2.854587447179508e+00 2.0e+01 1.96e+00  7e-01  3e+00 50:18.7
   99    792 2.737021213032313e+00 1.7e+01 2.51e+00  9e-01  3e+00 51:53.6
  100    800 2.830927596642767e+00 1.6e+01 2.82e+00  1e+00  4e+00 52:25.7
  103    824 2.844694982055515e+00 1.7e+01 3.55e+00  1e+00  4e+00 54:01.3
  106    848 2.940090603805130e+00 1.9e+01 3.15e+00  1e+00  3e+00 55:35.5
  109    872 2.962708996977181e+00 2.1e+01 3.23e+00  1e+00  3e+00 57:10.8
  112    896 2.961799517370820e+00 2.4e+01 3.06e+00  1e+00  3e+00 58:44.1
  115    920 2.906601335415711e+00 1.9e+01 2.72e+00  1e+00  2e+00 60:18.1
  118    944 2.822266036456678e+00 2.1e+01 1.89e+00  7e-01  2e+00 61:52.3
  121    968 2.787962170100602e+00 1.7e+01 2.37e+00  8e-01  2e+00 63:27.9
  124    992 2.926786201613482e+00 1.5e+01 3.23e+00  1e+00  2e+00 65:01.6
  127   1016 2.876475724864564e+00 1.7e+01 3.19e+00  1e+00  2e+00 66:36.3
  130   1040 2.905930325698588e+00 2.0e+01 3.02e+00  1e+00  2e+00 68:08.1
  133   1064 2.911671755316300e+00 2.6e+01 2.41e+00  7e-01  2e+00 69:42.6
  136   1088 2.878655460576067e+00 2.4e+01 2.56e+00  9e-01  2e+00 71:19.0
  139   1112 2.783421062205483e+00 2.6e+01 2.62e+00  9e-01  2e+00 72:53.0
  142   1136 2.902274812171911e+00 3.4e+01 2.46e+00  9e-01  2e+00 74:25.9
  145   1160 2.849689877098734e+00 3.8e+01 2.81e+00  1e+00  2e+00 76:00.9
  148   1184 2.976421810591226e+00 5.7e+01 3.36e+00  1e+00  3e+00 77:34.1
  151   1208 2.895791001729332e+00 5.4e+01 3.97e+00  1e+00  3e+00 79:09.2
  154   1232 2.858314621266165e+00 6.0e+01 4.14e+00  1e+00  3e+00 80:43.6
  157   1256 2.842421660331837e+00 5.2e+01 3.70e+00  1e+00  3e+00 82:19.6
  160   1280 2.685116340474546e+00 4.2e+01 4.11e+00  1e+00  3e+00 83:53.7
  163   1304 2.929259095409636e+00 3.5e+01 3.37e+00  1e+00  2e+00 85:29.8
  166   1328 2.728304881294020e+00 4.2e+01 3.13e+00  1e+00  2e+00 87:04.8
  169   1352 2.731229308021003e+00 3.8e+01 2.40e+00  7e-01  1e+00 88:37.9
  172   1376 2.890155965296788e+00 3.8e+01 2.08e+00  5e-01  1e+00 90:13.7
  175   1400 2.814954593137668e+00 4.2e+01 1.59e+00  4e-01  7e-01 91:47.4
  178   1424 2.856033758829663e+00 4.0e+01 1.40e+00  3e-01  6e-01 93:19.2
  181   1448 2.958434355955062e+00 3.7e+01 1.18e+00  3e-01  5e-01 94:51.4
  185   1480 2.791406759592412e+00 3.5e+01 8.42e-01  2e-01  3e-01 96:54.6
  189   1512 2.817504507497814e+00 2.9e+01 6.93e-01  1e-01  2e-01 98:58.0
  192   1536 2.760614625701833e+00 2.7e+01 4.40e-01  7e-02  1e-01 100:33.2
  196   1568 2.770457256765788e+00 2.0e+01 2.56e-01  3e-02  6e-02 102:40.5
  200   1600 2.741677668646225e+00 1.6e+01 2.55e-01  3e-02  5e-02 104:48.0
  204   1632 2.719903848547102e+00 1.2e+01 2.62e-01  3e-02  4e-02 106:54.8
  208   1664 2.713188130787552e+00 9.6e+00 4.37e-01  3e-02  7e-02 109:00.0
  212   1696 2.708875158816416e+00 9.3e+00 4.50e-01  3e-02  7e-02 111:04.3
  216   1728 2.707256835997305e+00 9.9e+00 2.60e-01  1e-02  4e-02 113:08.8
  220   1760 2.706362306318099e+00 1.1e+01 1.76e-01  6e-03  3e-02 115:13.6
  224   1792 2.705958458733857e+00 1.2e+01 2.83e-01  7e-03  5e-02 117:19.1
  228   1824 2.705525787006028e+00 1.2e+01 2.01e-01  4e-03  4e-02 119:24.6
  232   1856 2.705469915512527e+00 1.3e+01 1.36e-01  3e-03  2e-02 121:29.8
  236   1888 2.705361679650382e+00 1.7e+01 1.21e-01  2e-03  2e-02 123:34.9
  240   1920 2.705307195746741e+00 1.6e+01 7.79e-02  1e-03  1e-02 125:39.9
  244   1952 2.705280311098480e+00 1.9e+01 5.34e-02  7e-04  8e-03 127:44.8
  248   1984 2.705249519887241e+00 1.8e+01 4.83e-02  6e-04  7e-03 129:48.6
  252   2016 2.705268616985649e+00 2.0e+01 4.37e-02  5e-04  7e-03 131:52.4
  256   2048 2.705249670585826e+00 2.3e+01 8.39e-02  8e-04  1e-02 133:56.4
  260   2080 2.705232849657242e+00 2.2e+01 1.16e-01  1e-03  2e-02 136:00.5
  264   2112 2.705220609906872e+00 2.3e+01 1.15e-01  9e-04  1e-02 138:04.9
  268   2144 2.705203556691955e+00 2.0e+01 1.11e-01  7e-04  1e-02 140:09.3
  272   2176 2.705148141732992e+00 2.1e+01 1.17e-01  7e-04  1e-02 142:13.2
  276   2208 2.705158752942527e+00 2.5e+01 1.01e-01  5e-04  9e-03 144:17.4
  280   2240 2.705091732716328e+00 2.5e+01 1.59e-01  9e-04  1e-02 146:22.8
  284   2272 2.704978287455336e+00 3.5e+01 3.80e-01  2e-03  3e-02 148:27.9
  288   2304 2.704897608847713e+00 3.4e+01 4.69e-01  2e-03  4e-02 150:33.3
  292   2336 2.704861386887087e+00 3.2e+01 2.97e-01  1e-03  2e-02 152:38.9
  296   2368 2.704790120054429e+00 3.4e+01 4.55e-01  2e-03  4e-02 154:44.1
  300   2400 2.704747578556952e+00 3.6e+01 3.80e-01  1e-03  3e-02 156:49.2
---------------------------
termination on maxiter=300
final/bestever f-value = 2.704748e+00 2.682965e+00
incumbent solution: [3.0625464575714028, 4.811389386573558, 6.235234259577814, 1.1852771850453037, 3.1230521106141316]
std deviation: [0.0012685361039124021, 0.014105530276471644, 0.032118746810194575, 0.0011758203505269173, 0.005106782915060282]
---------------------------
Optimal Result [2.5521206  4.97889993 2.32767374 2.42206552 2.37683348]
Respective Function Value 2.682965454953814
Respective Function Evaluations 543
Overall Function Evaluations 2400
Overall Iterations 300
Mean Result [3.06254646 4.81138939 6.23523426 1.18527719 3.12305211]
Standard Deviation Final Sample [0.00126854 0.01410553 0.03211875 0.00117582 0.00510678]
Saving Final Results
