Starting program

--------------------------
Starting graph preparation

Subject 0
Possible Room Allocations [1, 2]
Subject 1
Possible Room Allocations [1, 2]
Subject 2
Possible Room Allocations [0]

Number of Allocations for each Room [1, 1, 1]
Final Allocations (subject, room) [(0, 1), (1, 2), (2, 0)]

Creating Graph

--------------------------
Graph information

Nodes =  [(0, 1, 0), (0, 1, 1), (1, 2, 0), (1, 2, 1), (2, 0, 0), (2, 0, 1)]

Pre-coloring [None, None, None, None, None, None]

Degree of each node [3, 3, 3, 3, 3, 3]

Number of colors 6

Initial coloring [0, 3, 1, 4, 2, 5]
----------------------------
Verifying Graph consistency

Node 0 Color 0
Neighbours | Color
((0, 1, 1), 3)
((1, 2, 0), 1)
((2, 0, 0), 2)

Node 1 Color 3
Neighbours | Color
((0, 1, 0), 0)
((1, 2, 1), 4)
((2, 0, 1), 5)

Node 2 Color 1
Neighbours | Color
((0, 1, 0), 0)
((1, 2, 1), 4)
((2, 0, 0), 2)

Node 3 Color 4
Neighbours | Color
((0, 1, 1), 3)
((1, 2, 0), 1)
((2, 0, 1), 5)

Node 4 Color 2
Neighbours | Color
((0, 1, 0), 0)
((1, 2, 0), 1)
((2, 0, 1), 5)

Node 5 Color 5
Neighbours | Color
((0, 1, 1), 3)
((1, 2, 1), 4)
((2, 0, 0), 2)
----------------------------
Running QAOA
Necessary number of qubits:  42
Running minimization process
(3_w,7)-aCMA-ES (mu_w=2.3,w_1=58%) in dimension 3 (seed=372833, Mon Jul 26 07:30:05 2021)
Iterat #Fevals   function value  axis ratio  sigma  min&max std  t[m:s]
    1      7 2.892485766940282e+00 1.0e+00 1.40e+00  1e+00  2e+00 0:14.9
    2     14 2.814600589397721e+00 1.4e+00 1.38e+00  1e+00  2e+00 0:30.1
    3     21 2.799027208509295e+00 1.6e+00 1.33e+00  1e+00  1e+00 0:45.5
    4     28 2.851566051936838e+00 1.6e+00 1.60e+00  1e+00  2e+00 0:59.3
    5     35 2.827527413298920e+00 1.8e+00 1.85e+00  1e+00  3e+00 1:13.8
    6     42 2.856216380274646e+00 2.2e+00 2.06e+00  2e+00  3e+00 1:27.7
    7     49 2.791800840434871e+00 2.0e+00 2.49e+00  2e+00  3e+00 1:40.8
    8     56 2.976909063771322e+00 1.9e+00 2.10e+00  2e+00  3e+00 1:55.7
    9     63 2.919480129317067e+00 2.1e+00 2.46e+00  2e+00  4e+00 2:10.3
   10     70 2.944875104366943e+00 2.4e+00 2.24e+00  2e+00  3e+00 2:24.8
   11     77 2.813248289862452e+00 2.4e+00 2.24e+00  2e+00  3e+00 2:38.8
   12     84 2.811747721805094e+00 2.3e+00 2.12e+00  2e+00  3e+00 2:53.4
   13     91 2.758302775420628e+00 2.2e+00 1.90e+00  1e+00  2e+00 3:07.8
   14     98 2.816687043495994e+00 2.3e+00 1.68e+00  1e+00  2e+00 3:22.6
   15    105 2.758101549687050e+00 2.3e+00 1.78e+00  1e+00  2e+00 3:37.3
   17    119 2.865834155603897e+00 2.6e+00 1.12e+00  6e-01  1e+00 4:06.2
   19    133 2.774310047588860e+00 2.7e+00 8.68e-01  4e-01  9e-01 4:34.9
   21    147 2.785696802814747e+00 2.9e+00 7.76e-01  3e-01  7e-01 5:01.9
   23    161 2.792467461437548e+00 3.7e+00 7.89e-01  3e-01  8e-01 5:29.7
   25    175 2.804508292410330e+00 5.2e+00 8.19e-01  3e-01  1e+00 5:57.5
   27    189 2.781362339835748e+00 5.8e+00 8.53e-01  3e-01  9e-01 6:27.5
   29    203 2.974900014054921e+00 5.1e+00 1.07e+00  3e-01  1e+00 6:57.1
   31    217 2.920898837759211e+00 3.7e+00 1.25e+00  4e-01  1e+00 7:26.0
   33    231 2.855696023703523e+00 3.5e+00 1.06e+00  3e-01  8e-01 7:54.3
   35    245 2.826226037239735e+00 3.3e+00 8.73e-01  2e-01  6e-01 8:22.2
   37    259 2.760873947524551e+00 2.9e+00 7.32e-01  2e-01  5e-01 8:48.5
   39    273 2.788070413193169e+00 3.9e+00 6.12e-01  1e-01  4e-01 9:15.0
   42    294 2.750458860955824e+00 3.1e+00 4.40e-01  8e-02  2e-01 9:54.7
   45    315 2.751924944125304e+00 3.3e+00 2.90e-01  5e-02  1e-01 10:33.1
   48    336 2.761067681615724e+00 3.9e+00 3.01e-01  6e-02  2e-01 11:10.3
   51    357 2.752739015768557e+00 3.7e+00 2.13e-01  4e-02  1e-01 11:48.4
   54    378 2.749166576794711e+00 3.2e+00 1.26e-01  2e-02  5e-02 12:27.0
   57    399 2.749081660407610e+00 3.8e+00 1.07e-01  1e-02  4e-02 13:04.3
   60    420 2.748820381066543e+00 5.2e+00 1.25e-01  8e-03  5e-02 13:37.9
   63    441 2.748782943553967e+00 7.6e+00 6.30e-02  3e-03  2e-02 14:11.9
   67    469 2.748728241719016e+00 1.4e+01 5.67e-02  2e-03  3e-02 14:56.2
   71    497 2.748714978021495e+00 2.1e+01 3.54e-02  7e-04  1e-02 15:35.9
   75    525 2.748727878639813e+00 2.2e+01 1.79e-02  3e-04  6e-03 16:16.1
   79    553 2.748730424292631e+00 1.9e+01 1.16e-02  2e-04  3e-03 16:55.2
   84    588 2.748723254191477e+00 2.4e+01 1.12e-02  1e-04  3e-03 17:43.1
   89    623 2.748725001049775e+00 3.8e+01 1.99e-02  1e-04  6e-03 18:31.9
   94    658 2.748717297773977e+00 6.1e+01 1.52e-02  6e-05  5e-03 19:21.0
   99    693 2.748701802540373e+00 5.9e+01 1.27e-02  6e-05  3e-03 20:09.1
  100    700 2.748708723038748e+00 7.2e+01 1.07e-02  5e-05  3e-03 20:19.0
  105    735 2.748702282208167e+00 9.1e+01 7.51e-03  2e-05  2e-03 21:08.6
  110    770 2.748705859896927e+00 1.8e+02 6.22e-03  1e-05  2e-03 21:58.0
  115    805 2.748708258176578e+00 1.9e+02 3.06e-03  3e-06  6e-04 22:47.5
  120    840 2.748704195914316e+00 2.4e+02 2.65e-03  2e-06  5e-04 23:37.1
  125    875 2.748702526994501e+00 4.8e+02 1.79e-03  1e-06  4e-04 24:26.3
  131    917 2.748702526994501e+00 9.5e+02 9.67e-04  2e-07  2e-04 25:24.7
  135    945 2.748702526994501e+00 1.6e+03 5.11e-04  1e-07  1e-04 26:04.3
---------------------------
termination on tolflatfitness=1
final/bestever f-value = 2.748703e+00 2.748701e+00
incumbent solution: [0.37140656053294985, 0.04214364158661247, 3.1415920157727792]
std deviation: [1.1875521869826182e-07, 0.00011922409014506623, 2.2158424408301858e-05]
---------------------------
Optimal Result [0.37141434 0.04173228 3.14159187]
Respective Function Value 2.748700848158855
Respective Function Evaluations 784
Overall Function Evaluations 945
Overall Iterations 135
Mean Result [0.37140656 0.04214364 3.14159202]
Standard Deviation Final Sample [1.18755219e-07 1.19224090e-04 2.21584244e-05]
Saving Final Results
