Starting program

--------------------------
Graph information

Nodes =  ['Event1', 'Event2', 'Event3', 'Event4', 'Event5', 'Event6', 'Event7', 'Event8', 'Event9', 'Event10', 'Event11', 'Event12', 'Event13', 'Event14', 'Event15', 'Event16', 'Event17', 'Event18', 'Event19', 'Event20', 'Event21', 'Event22', 'Event23', 'Event24', 'Event25']

Pre-coloring [None, None, None, None, None, None, None, None, None, None, None, None, None, None, None, None, None, None, None, None, None, None, None, None, None]

Degree of each node [6, 8, 8, 7, 5, 7, 4, 6, 5, 9, 6, 5, 5, 7, 7, 7, 4, 8, 5, 6, 5, 3, 9, 7, 7]

Number of colors 5

Initial coloring [0, 1, 2, 3, 0, 2, 3, 0, 2, 1, 1, 0, 3, 4, 3, 4, 1, 2, 0, 4, 1, 3, 0, 4, 3]

Initial Function Value Max 25 20

Initial Function Value Max 4 4
----------------------------
Verifying Graph consistency

Node 0 Color 0
Neighbours | Color
('Event2', 1)
('Event3', 2)
('Event4', 3)
('Event13', 3)
('Event22', 3)
('Event24', 4)

Node 1 Color 1
Neighbours | Color
('Event1', 0)
('Event3', 2)
('Event4', 3)
('Event14', 4)
('Event20', 4)
('Event23', 0)
('Event24', 4)
('Event25', 3)

Node 2 Color 2
Neighbours | Color
('Event1', 0)
('Event2', 1)
('Event4', 3)
('Event13', 3)
('Event14', 4)
('Event15', 3)
('Event23', 0)
('Event25', 3)

Node 3 Color 3
Neighbours | Color
('Event1', 0)
('Event2', 1)
('Event3', 2)
('Event5', 0)
('Event11', 1)
('Event23', 0)
('Event24', 4)

Node 4 Color 0
Neighbours | Color
('Event4', 3)
('Event6', 2)
('Event10', 1)
('Event11', 1)
('Event24', 4)

Node 5 Color 2
Neighbours | Color
('Event5', 0)
('Event10', 1)
('Event11', 1)
('Event13', 3)
('Event15', 3)
('Event16', 4)
('Event25', 3)

Node 6 Color 3
Neighbours | Color
('Event8', 0)
('Event9', 2)
('Event10', 1)
('Event16', 4)

Node 7 Color 0
Neighbours | Color
('Event7', 3)
('Event9', 2)
('Event10', 1)
('Event14', 4)
('Event18', 2)
('Event20', 4)

Node 8 Color 2
Neighbours | Color
('Event7', 3)
('Event8', 0)
('Event10', 1)
('Event13', 3)
('Event21', 1)

Node 9 Color 1
Neighbours | Color
('Event5', 0)
('Event6', 2)
('Event7', 3)
('Event8', 0)
('Event9', 2)
('Event15', 3)
('Event16', 4)
('Event18', 2)
('Event23', 0)

Node 10 Color 1
Neighbours | Color
('Event4', 3)
('Event5', 0)
('Event6', 2)
('Event12', 0)
('Event24', 4)
('Event25', 3)

Node 11 Color 0
Neighbours | Color
('Event11', 1)
('Event14', 4)
('Event15', 3)
('Event16', 4)
('Event18', 2)

Node 12 Color 3
Neighbours | Color
('Event1', 0)
('Event3', 2)
('Event6', 2)
('Event9', 2)
('Event14', 4)

Node 13 Color 4
Neighbours | Color
('Event2', 1)
('Event3', 2)
('Event8', 0)
('Event12', 0)
('Event13', 3)
('Event18', 2)
('Event19', 0)

Node 14 Color 3
Neighbours | Color
('Event3', 2)
('Event6', 2)
('Event10', 1)
('Event12', 0)
('Event16', 4)
('Event17', 1)
('Event21', 1)

Node 15 Color 4
Neighbours | Color
('Event6', 2)
('Event7', 3)
('Event10', 1)
('Event12', 0)
('Event15', 3)
('Event17', 1)
('Event23', 0)

Node 16 Color 1
Neighbours | Color
('Event15', 3)
('Event16', 4)
('Event23', 0)
('Event25', 3)

Node 17 Color 2
Neighbours | Color
('Event8', 0)
('Event10', 1)
('Event12', 0)
('Event14', 4)
('Event19', 0)
('Event20', 4)
('Event21', 1)
('Event22', 3)

Node 18 Color 0
Neighbours | Color
('Event14', 4)
('Event18', 2)
('Event20', 4)
('Event21', 1)
('Event22', 3)

Node 19 Color 4
Neighbours | Color
('Event2', 1)
('Event8', 0)
('Event18', 2)
('Event19', 0)
('Event21', 1)
('Event23', 0)

Node 20 Color 1
Neighbours | Color
('Event9', 2)
('Event15', 3)
('Event18', 2)
('Event19', 0)
('Event20', 4)

Node 21 Color 3
Neighbours | Color
('Event1', 0)
('Event18', 2)
('Event19', 0)

Node 22 Color 0
Neighbours | Color
('Event2', 1)
('Event3', 2)
('Event4', 3)
('Event10', 1)
('Event16', 4)
('Event17', 1)
('Event20', 4)
('Event24', 4)
('Event25', 3)

Node 23 Color 4
Neighbours | Color
('Event1', 0)
('Event2', 1)
('Event4', 3)
('Event5', 0)
('Event11', 1)
('Event23', 0)
('Event25', 3)

Node 24 Color 3
Neighbours | Color
('Event2', 1)
('Event3', 2)
('Event6', 2)
('Event11', 1)
('Event17', 1)
('Event23', 0)
('Event24', 4)
----------------------------
Running QAOA
Necessary number of qubits:  150
Running minimization process
(3_w,7)-aCMA-ES (mu_w=2.3,w_1=58%) in dimension 3 (seed=369257, Mon Jul 26 14:36:16 2021)
Iterat #Fevals   function value  axis ratio  sigma  min&max std  t[m:s]
    1      7 3.882391763970055e+00 1.0e+00 1.88e+00  2e+00  2e+00 0:55.8
    2     14 3.908483360214663e+00 1.3e+00 2.17e+00  2e+00  2e+00 1:56.3
    3     21 3.907785400775557e+00 1.8e+00 2.74e+00  3e+00  3e+00 2:52.4
    4     28 3.889776011595188e+00 2.0e+00 2.90e+00  3e+00  3e+00 3:48.9
    5     35 3.931309924134182e+00 2.0e+00 2.79e+00  2e+00  3e+00 4:46.1
    6     42 3.882692953422555e+00 1.9e+00 2.75e+00  2e+00  3e+00 5:43.5
    7     49 3.923912896423898e+00 2.5e+00 2.42e+00  2e+00  3e+00 6:43.5
    8     56 3.878154153859843e+00 3.0e+00 2.27e+00  2e+00  3e+00 7:39.2
    9     63 3.876111206137617e+00 3.2e+00 2.09e+00  2e+00  3e+00 8:26.6
   10     70 3.895073908083831e+00 3.5e+00 1.77e+00  1e+00  2e+00 9:20.6
   11     77 3.921251757557861e+00 3.9e+00 1.45e+00  1e+00  2e+00 10:18.4
   12     84 3.923721774813460e+00 4.3e+00 1.31e+00  9e-01  1e+00 11:09.4
   13     91 3.887165318007957e+00 4.6e+00 1.60e+00  1e+00  2e+00 12:04.4
   14     98 3.873884127315944e+00 5.2e+00 2.05e+00  1e+00  3e+00 13:03.2
   15    105 3.903227849680516e+00 6.2e+00 2.28e+00  1e+00  3e+00 13:57.0
   16    112 3.921611558670013e+00 5.5e+00 1.81e+00  1e+00  2e+00 14:56.7
   17    119 3.873696173516070e+00 4.6e+00 2.18e+00  1e+00  2e+00 15:56.1
   18    126 3.871817929535396e+00 4.4e+00 2.25e+00  1e+00  2e+00 16:42.3
   19    133 3.869767064298912e+00 5.5e+00 2.05e+00  1e+00  2e+00 17:31.1
   20    140 3.877481676303931e+00 6.4e+00 1.88e+00  1e+00  2e+00 18:24.6
   21    147 3.872819879462359e+00 5.3e+00 1.84e+00  1e+00  2e+00 19:23.4
   22    154 3.878142688156713e+00 5.1e+00 1.76e+00  1e+00  2e+00 20:25.6
   23    161 3.887060779597529e+00 5.7e+00 1.55e+00  9e-01  2e+00 21:16.1
   24    168 3.905051765549313e+00 6.1e+00 1.21e+00  6e-01  1e+00 22:13.5
   25    175 3.915103261093931e+00 5.8e+00 1.10e+00  5e-01  1e+00 23:09.9
   26    182 3.955876541999198e+00 5.2e+00 1.06e+00  5e-01  1e+00 23:54.8
   27    189 3.896370767488393e+00 5.1e+00 8.92e-01  4e-01  7e-01 24:53.5
   28    196 3.888773287912717e+00 4.7e+00 9.25e-01  4e-01  7e-01 25:55.0
   29    203 3.874503533693208e+00 4.7e+00 1.48e+00  7e-01  1e+00 26:53.0
   30    210 3.901939773866967e+00 5.4e+00 1.80e+00  7e-01  2e+00 27:47.6
   31    217 3.919743442466016e+00 5.0e+00 1.71e+00  6e-01  1e+00 28:40.9
   32    224 3.912600601686569e+00 5.1e+00 1.83e+00  6e-01  2e+00 29:29.2
   33    231 3.876640002160944e+00 5.6e+00 2.18e+00  8e-01  2e+00 30:28.4
   34    238 3.898219836657463e+00 5.6e+00 2.82e+00  1e+00  3e+00 31:24.9
   35    245 3.918348712911445e+00 6.4e+00 2.69e+00  1e+00  2e+00 32:15.1
   36    252 3.931474888527877e+00 6.1e+00 2.18e+00  8e-01  2e+00 33:02.1
   37    259 3.871565166452130e+00 6.4e+00 2.16e+00  8e-01  1e+00 34:01.8
   38    266 3.921056278789536e+00 4.6e+00 2.52e+00  8e-01  2e+00 34:50.1
   39    273 3.890936409245880e+00 4.0e+00 2.60e+00  8e-01  2e+00 35:43.5
   40    280 3.933924278615371e+00 4.8e+00 2.93e+00  9e-01  2e+00 36:39.3
   41    287 3.917061027641513e+00 6.0e+00 2.58e+00  6e-01  2e+00 37:33.5
   42    294 3.941285246621612e+00 6.3e+00 2.72e+00  6e-01  2e+00 38:30.4
   43    301 3.909436937654233e+00 6.7e+00 2.54e+00  5e-01  2e+00 39:23.0
   44    308 3.895914301671474e+00 7.2e+00 2.50e+00  5e-01  2e+00 40:15.7
   45    315 3.910838702767625e+00 7.8e+00 2.76e+00  6e-01  3e+00 41:13.4
   46    322 3.871958307968816e+00 7.8e+00 3.50e+00  9e-01  5e+00 42:13.5
   47    329 3.935799278470858e+00 1.3e+01 3.45e+00  9e-01  4e+00 43:07.3
   48    336 3.889470617958585e+00 1.3e+01 3.42e+00  9e-01  4e+00 44:02.6
   49    343 3.888755027058753e+00 1.1e+01 3.52e+00  9e-01  4e+00 44:57.3
   50    350 3.874572861605230e+00 9.5e+00 5.78e+00  1e+00  7e+00 45:59.1
   51    357 3.896077461682550e+00 8.5e+00 5.45e+00  1e+00  6e+00 46:58.1
   53    371 3.914769015556105e+00 9.0e+00 5.86e+00  1e+00  7e+00 48:38.8
   54    378 3.875391461530370e+00 9.2e+00 5.73e+00  1e+00  6e+00 49:31.6
   55    385 3.879182048637551e+00 9.1e+00 6.56e+00  1e+00  8e+00 50:31.1
   56    392 3.928176896574616e+00 9.2e+00 8.95e+00  2e+00  1e+01 51:31.5
   57    399 3.877746017208551e+00 9.7e+00 8.54e+00  1e+00  1e+01 52:33.3
   59    413 3.966117703349282e+00 9.2e+00 7.32e+00  1e+00  8e+00 54:12.3
   61    427 3.876075455823454e+00 8.5e+00 6.09e+00  1e+00  6e+00 56:03.3
