Starting program

--------------------------
Starting graph preparation

Subject 0
Possible Room Allocations [1, 2]
Subject 1
Possible Room Allocations [1, 2]
Subject 2
Possible Room Allocations [0]

Number of Allocations for each Room [1, 1, 1]
Final Allocations (subject, room) [(0, 1), (1, 2), (2, 0)]

Creating Graph

--------------------------
Graph information

Nodes =  [0, 1, 2, 3, 4, 5]

Pre-coloring [None, None, None, None, None, None]

Degree of each node [3, 3, 3, 3, 3, 3]

Number of colors 6

Initial coloring [0, 3, 1, 4, 2, 5]
----------------------------
Verifying Graph consistency

Node 0 Color 0
Neighbours | Color
(1, 3)
(2, 1)
(4, 2)

Node 1 Color 3
Neighbours | Color
(0, 0)
(3, 4)
(5, 5)

Node 2 Color 1
Neighbours | Color
(0, 0)
(3, 4)
(4, 2)

Node 3 Color 4
Neighbours | Color
(1, 3)
(2, 1)
(5, 5)

Node 4 Color 2
Neighbours | Color
(0, 0)
(2, 1)
(5, 5)

Node 5 Color 5
Neighbours | Color
(1, 3)
(3, 4)
(4, 2)
fun 5
Running Random Distribution

Total Number of Measurements 10000
Expected Value =  2.601
Objective Function Distribution
{'0': 173, '1': 1329, '2': 3144, '3': 3371, '4': 1644, '5': 330, '6': 9}
